#
# A fatal error has been detected by the Java Runtime Environment:
#
#  EXCEPTION_ACCESS_VIOLATION (0xc0000005) at pc=0x00000000679340b3, pid=13224, tid=14472
#
# JRE version: Java(TM) SE Runtime Environment (8.0_66-b18) (build 1.8.0_66-b18)
# Java VM: Java HotSpot(TM) 64-Bit Server VM (25.66-b18 mixed mode windows-amd64 compressed oops)
# Problematic frame:
# C  [dcpr.dll+0x40b3]
#
# Failed to write core dump. Minidumps are not enabled by default on client versions of Windows
#
# If you would like to submit a bug report, please visit:
#   http://bugreport.java.com/bugreport/crash.jsp
# The crash happened outside the Java Virtual Machine in native code.
# See problematic frame for where to report the bug.
#

---------------  T H R E A D  ---------------

Current thread (0x0000000017cf9000):  JavaThread "AWT-EventQueue-0" [_thread_in_native, id=14472, stack(0x000000001a380000,0x000000001a480000)]

siginfo: ExceptionCode=0xc0000005, reading address 0xffffffff67944120

Registers:
RAX=0x0000000067944120, RBX=0x0000000017d44638, RCX=0xffffffff80000000, RDX=0x0000000000000400
RSP=0x000000001a47c448, RBP=0x0000000000000600, RSI=0x000000001a47c4f8, RDI=0x000000001a47c4e8
R8 =0x0000000000000400, R9 =0x0000000000000000, R10=0x0000000000000014, R11=0x00000000684f1258
R12=0x0000000000000000, R13=0x00000000ecbb0118, R14=0x00000000ec11a348, R15=0x0000000017cf9000
RIP=0x00000000679340b3, EFLAGS=0x0000000000010242

Top of Stack: (sp=0x000000001a47c448)
0x000000001a47c448:   000000006793c485 0000000017036640
0x000000001a47c458:   0000000017036640 0000000000000002
0x000000001a47c468:   ffffffff000001f4 000000007e4688d6
0x000000001a47c478:   0000000000000000 000000007c89999a
0x000000001a47c488:   0000000000000000 000000001a47c5c0
0x000000001a47c498:   000000006793c7e6 0000000017d44638
0x000000001a47c4a8:   000000001a47c539 0000000017036640
0x000000001a47c4b8:   0000000002720bbc 00000000ffc00000
0x000000001a47c4c8:   000000007dac0002 000000007f800000
0x000000001a47c4d8:   000000007dac0002 0000000000000000
0x000000001a47c4e8:   0000060000000800 0000000100000400
0x000000001a47c4f8:   00000000ff800000 7ed5561afed55618
0x000000001a47c508:   7f80000000000000 7f16da017f800000
0x000000001a47c518:   000000017f800000 00000000ec11a200
0x000000001a47c528:   000000006793d921 7ef3333300000000
0x000000001a47c538:   000000007e3acccd 7e3acccd7ef33333 

Instructions: (pc=0x00000000679340b3)
0x0000000067934093:   5e d1 f3 0f 59 15 37 c3 00 00 f3 0f 58 15 2b c3
0x00000000679340a3:   00 00 f3 0f 2c c2 48 63 c8 48 8d 05 6d 00 01 00
0x00000000679340b3:   0f bf 04 48 03 d0 eb 3a 0f 2e c9 7a 2f 75 2d 0f
0x00000000679340c3:   2e d2 7a 28 75 26 f3 0f 5e ca f3 0f 59 0d ff c2 


Register to memory mapping:

RAX=0x0000000067944120 is an unknown value
RBX=0x0000000017d44638 is an unknown value
RCX=0xffffffff80000000 is an unknown value
RDX=0x0000000000000400 is an unknown value
RSP=0x000000001a47c448 is pointing into the stack for thread: 0x0000000017cf9000
RBP=0x0000000000000600 is an unknown value
RSI=0x000000001a47c4f8 is pointing into the stack for thread: 0x0000000017cf9000
RDI=0x000000001a47c4e8 is pointing into the stack for thread: 0x0000000017cf9000
R8 =0x0000000000000400 is an unknown value
R9 =0x0000000000000000 is an unknown value
R10=0x0000000000000014 is an unknown value
R11=0x00000000684f1258 is an unknown value
R12=0x0000000000000000 is an unknown value
R13=0x00000000ecbb0118 is an oop
sun.dc.pr.Rasterizer 
 - klass: 'sun/dc/pr/Rasterizer'
R14=0x00000000ec11a348 is an oop
[F 
 - klass: {type array float}
 - length: 6
R15=0x0000000017cf9000 is a thread


Stack: [0x000000001a380000,0x000000001a480000],  sp=0x000000001a47c448,  free space=1009k
Native frames: (J=compiled Java code, j=interpreted, Vv=VM code, C=native code)
C  [dcpr.dll+0x40b3]

Java frames: (J=compiled Java code, j=interpreted, Vv=VM code)
J 1003  sun.dc.pr.PathStroker.appendCubic(FFFFFF)V (0 bytes) @ 0x000000000272b15e [0x000000000272b100+0x5e]
J 840 C2 sun.dc.DuctusRenderingEngine.getAATileGenerator(Ljava/awt/Shape;Ljava/awt/geom/AffineTransform;Lsun/java2d/pipe/Region;Ljava/awt/BasicStroke;ZZ[I)Lsun/java2d/pipe/AATileGenerator; (1189 bytes) @ 0x00000000026caac4 [0x00000000026c7e20+0x2ca4]
J 709 C1 sun.java2d.pipe.AAShapePipe.renderPath(Lsun/java2d/SunGraphics2D;Ljava/awt/Shape;Ljava/awt/BasicStroke;)V (84 bytes) @ 0x0000000002654a6c [0x00000000026545c0+0x4ac]
j  sun.java2d.pipe.AAShapePipe.draw(Lsun/java2d/SunGraphics2D;Ljava/awt/Shape;)V+38
j  sun.java2d.pipe.PixelToParallelogramConverter.draw(Lsun/java2d/SunGraphics2D;Ljava/awt/Shape;)V+156
j  sun.java2d.pipe.PixelToShapeConverter.drawArc(Lsun/java2d/SunGraphics2D;IIIIII)V+29
j  sun.java2d.SunGraphics2D.drawArc(IIIIII)V+14
j  me3_one_element_at_a_time.Planet.drawOrbit(Ljava/awt/Graphics2D;)V+23
j  me3_one_element_at_a_time.Planet.draw(Ljava/awt/Graphics2D;Lme3_one_element_at_a_time/EclipseTime;ILjava/util/ArrayList;)V+26
j  me3_one_element_at_a_time.Main.paint(Ljava/awt/Graphics;)V+102
j  javax.swing.JComponent.paintToOffscreen(Ljava/awt/Graphics;IIIIII)V+41
j  javax.swing.RepaintManager$PaintManager.paintDoubleBuffered(Ljavax/swing/JComponent;Ljava/awt/Image;Ljava/awt/Graphics;IIII)V+163
j  javax.swing.RepaintManager$PaintManager.paint(Ljavax/swing/JComponent;Ljavax/swing/JComponent;Ljava/awt/Graphics;IIII)Z+116
j  javax.swing.RepaintManager.paint(Ljavax/swing/JComponent;Ljavax/swing/JComponent;Ljava/awt/Graphics;IIII)V+51
j  javax.swing.JComponent._paintImmediately(IIII)V+683
j  javax.swing.JComponent.paintImmediately(IIII)V+138
j  javax.swing.RepaintManager$4.run()Ljava/lang/Void;+81
j  javax.swing.RepaintManager$4.run()Ljava/lang/Object;+1
v  ~StubRoutines::call_stub
j  java.security.AccessController.doPrivileged(Ljava/security/PrivilegedAction;Ljava/security/AccessControlContext;)Ljava/lang/Object;+0
j  java.security.ProtectionDomain$JavaSecurityAccessImpl.doIntersectionPrivilege(Ljava/security/PrivilegedAction;Ljava/security/AccessControlContext;Ljava/security/AccessControlContext;)Ljava/lang/Object;+18
j  javax.swing.RepaintManager.paintDirtyRegions(Ljava/util/Map;)V+154
j  javax.swing.RepaintManager.paintDirtyRegions()V+46
j  javax.swing.RepaintManager.prePaintDirtyRegions()V+73
j  javax.swing.RepaintManager.access$1200(Ljavax/swing/RepaintManager;)V+1
j  javax.swing.RepaintManager$ProcessingRunnable.run()V+37
j  java.awt.event.InvocationEvent.dispatch()V+47
j  java.awt.EventQueue.dispatchEventImpl(Ljava/awt/AWTEvent;Ljava/lang/Object;)V+21
j  java.awt.EventQueue.access$500(Ljava/awt/EventQueue;Ljava/awt/AWTEvent;Ljava/lang/Object;)V+3
j  java.awt.EventQueue$3.run()Ljava/lang/Void;+32
j  java.awt.EventQueue$3.run()Ljava/lang/Object;+1
v  ~StubRoutines::call_stub
j  java.security.AccessController.doPrivileged(Ljava/security/PrivilegedAction;Ljava/security/AccessControlContext;)Ljava/lang/Object;+0
j  java.security.ProtectionDomain$JavaSecurityAccessImpl.doIntersectionPrivilege(Ljava/security/PrivilegedAction;Ljava/security/AccessControlContext;Ljava/security/AccessControlContext;)Ljava/lang/Object;+18
j  java.awt.EventQueue.dispatchEvent(Ljava/awt/AWTEvent;)V+46
j  java.awt.EventDispatchThread.pumpOneEventForFilters(I)V+245
j  java.awt.EventDispatchThread.pumpEventsForFilter(ILjava/awt/Conditional;Ljava/awt/EventFilter;)V+35
j  java.awt.EventDispatchThread.pumpEventsForHierarchy(ILjava/awt/Conditional;Ljava/awt/Component;)V+11
j  java.awt.EventDispatchThread.pumpEvents(ILjava/awt/Conditional;)V+4
j  java.awt.EventDispatchThread.pumpEvents(Ljava/awt/Conditional;)V+3
j  java.awt.EventDispatchThread.run()V+9
v  ~StubRoutines::call_stub

---------------  P R O C E S S  ---------------

Java Threads: ( => current thread )
  0x0000000017d4a800 JavaThread "D3D Screen Updater" daemon [_thread_blocked, id=7404, stack(0x000000001abd0000,0x000000001acd0000)]
=>0x0000000017cf9000 JavaThread "AWT-EventQueue-0" [_thread_in_native, id=14472, stack(0x000000001a380000,0x000000001a480000)]
  0x0000000017cbe800 JavaThread "AWT-Windows" daemon [_thread_in_native, id=11428, stack(0x00000000186d0000,0x00000000187d0000)]
  0x0000000017cbc000 JavaThread "AWT-Shutdown" [_thread_blocked, id=14688, stack(0x00000000185d0000,0x00000000186d0000)]
  0x0000000017cbb800 JavaThread "Java2D Disposer" daemon [_thread_blocked, id=12184, stack(0x0000000018460000,0x0000000018560000)]
  0x0000000017047800 JavaThread "Service Thread" daemon [_thread_blocked, id=12652, stack(0x0000000017970000,0x0000000017a70000)]
  0x0000000016fad000 JavaThread "C1 CompilerThread3" daemon [_thread_blocked, id=17540, stack(0x0000000017870000,0x0000000017970000)]
  0x0000000016fa0800 JavaThread "C2 CompilerThread2" daemon [_thread_blocked, id=16092, stack(0x0000000017770000,0x0000000017870000)]
  0x0000000016f99000 JavaThread "C2 CompilerThread1" daemon [_thread_blocked, id=11620, stack(0x0000000017670000,0x0000000017770000)]
  0x0000000016f96000 JavaThread "C2 CompilerThread0" daemon [_thread_blocked, id=4500, stack(0x0000000017570000,0x0000000017670000)]
  0x0000000016f94000 JavaThread "Attach Listener" daemon [_thread_blocked, id=13616, stack(0x0000000017470000,0x0000000017570000)]
  0x0000000014ebe000 JavaThread "Signal Dispatcher" daemon [_thread_blocked, id=4636, stack(0x0000000017370000,0x0000000017470000)]
  0x00000000023a9000 JavaThread "Finalizer" daemon [_thread_blocked, id=5196, stack(0x0000000016d80000,0x0000000016e80000)]
  0x00000000023a2000 JavaThread "Reference Handler" daemon [_thread_blocked, id=8660, stack(0x0000000016c80000,0x0000000016d80000)]
  0x00000000022b0800 JavaThread "main" [_thread_blocked, id=5720, stack(0x00000000021b0000,0x00000000022b0000)]

Other Threads:
  0x0000000014ea9800 VMThread [stack: 0x0000000016b80000,0x0000000016c80000] [id=8092]
  0x000000001706a000 WatcherThread [stack: 0x0000000017a70000,0x0000000017b70000] [id=420]

VM state:not at safepoint (normal execution)

VM Mutex/Monitor currently owned by a thread: None

Heap:
 PSYoungGen      total 35328K, used 23086K [0x00000000eab80000, 0x00000000edd00000, 0x0000000100000000)
  eden space 32768K, 68% used [0x00000000eab80000,0x00000000ec171278,0x00000000ecb80000)
  from space 2560K, 24% used [0x00000000ecb80000,0x00000000ecc1a5f0,0x00000000ece00000)
  to   space 2560K, 0% used [0x00000000eda80000,0x00000000eda80000,0x00000000edd00000)
 ParOldGen       total 69632K, used 28766K [0x00000000c0200000, 0x00000000c4600000, 0x00000000eab80000)
  object space 69632K, 41% used [0x00000000c0200000,0x00000000c1e17878,0x00000000c4600000)
 Metaspace       used 10192K, capacity 10404K, committed 10624K, reserved 1058816K
  class space    used 1196K, capacity 1287K, committed 1408K, reserved 1048576K

Card table byte_map: [0x0000000011770000,0x0000000011970000] byte_map_base: 0x000000001116f000

Marking Bits: (ParMarkBitMap*) 0x00000000684fa5b0
 Begin Bits: [0x00000000122d0000, 0x00000000132c8000)
 End Bits:   [0x00000000132c8000, 0x00000000142c0000)

Polling page: 0x0000000000990000

CodeCache: size=245760Kb used=3695Kb max_used=3708Kb free=242064Kb
 bounds [0x00000000023b0000, 0x0000000002760000, 0x00000000113b0000]
 total_blobs=1536 nmethods=1048 adapters=402
 compilation: enabled

Compilation events (10 events):
Event: 6.917 Thread 0x0000000016fad000 1043       3       sun.awt.AWTAccessor::getComponentAccessor (18 bytes)
Event: 6.917 Thread 0x0000000016fad000 nmethod 1043 0x000000000274ced0 code [0x000000000274d040, 0x000000000274d288]
Event: 6.917 Thread 0x0000000016fad000 1044       1       java.awt.Component::getX (5 bytes)
Event: 6.917 Thread 0x0000000016fad000 nmethod 1044 0x000000000274d310 code [0x000000000274d460, 0x000000000274d570]
Event: 6.917 Thread 0x0000000016fad000 1045       1       java.awt.Component::getY (5 bytes)
Event: 6.917 Thread 0x0000000016fad000 nmethod 1045 0x000000000274d5d0 code [0x000000000274d720, 0x000000000274d830]
Event: 6.922 Thread 0x0000000016f96000 1046       4       java.awt.geom.ArcIterator::currentSegment (347 bytes)
Event: 6.927 Thread 0x0000000016fa0800 1048       4       java.awt.geom.Path2D$Float::getPathIterator (23 bytes)
Event: 6.929 Thread 0x0000000016fa0800 nmethod 1048 0x0000000002751c90 code [0x0000000002751de0, 0x0000000002751f98]
Event: 6.929 Thread 0x0000000016f96000 nmethod 1046 0x0000000002751110 code [0x00000000027512c0, 0x0000000002751948]

GC Heap History (8 events):
Event: 0.543 GC heap before
{Heap before GC invocations=1 (full 0):
 PSYoungGen      total 18944K, used 13099K [0x00000000eab80000, 0x00000000ec080000, 0x0000000100000000)
  eden space 16384K, 79% used [0x00000000eab80000,0x00000000eb84ac48,0x00000000ebb80000)
  from space 2560K, 0% used [0x00000000ebe00000,0x00000000ebe00000,0x00000000ec080000)
  to   space 2560K, 0% used [0x00000000ebb80000,0x00000000ebb80000,0x00000000ebe00000)
 ParOldGen       total 44032K, used 0K [0x00000000c0200000, 0x00000000c2d00000, 0x00000000eab80000)
  object space 44032K, 0% used [0x00000000c0200000,0x00000000c0200000,0x00000000c2d00000)
 Metaspace       used 6381K, capacity 6554K, committed 6784K, reserved 1056768K
  class space    used 730K, capacity 795K, committed 896K, reserved 1048576K
Event: 0.549 GC heap after
Heap after GC invocations=1 (full 0):
 PSYoungGen      total 18944K, used 1301K [0x00000000eab80000, 0x00000000ed080000, 0x0000000100000000)
  eden space 16384K, 0% used [0x00000000eab80000,0x00000000eab80000,0x00000000ebb80000)
  from space 2560K, 50% used [0x00000000ebb80000,0x00000000ebcc5600,0x00000000ebe00000)
  to   space 2560K, 0% used [0x00000000ece00000,0x00000000ece00000,0x00000000ed080000)
 ParOldGen       total 44032K, used 13676K [0x00000000c0200000, 0x00000000c2d00000, 0x00000000eab80000)
  object space 44032K, 31% used [0x00000000c0200000,0x00000000c0f5b330,0x00000000c2d00000)
 Metaspace       used 6381K, capacity 6554K, committed 6784K, reserved 1056768K
  class space    used 730K, capacity 795K, committed 896K, reserved 1048576K
}
Event: 0.786 GC heap before
{Heap before GC invocations=2 (full 0):
 PSYoungGen      total 18944K, used 16492K [0x00000000eab80000, 0x00000000ed080000, 0x0000000100000000)
  eden space 16384K, 92% used [0x00000000eab80000,0x00000000eba55a78,0x00000000ebb80000)
  from space 2560K, 50% used [0x00000000ebb80000,0x00000000ebcc5600,0x00000000ebe00000)
  to   space 2560K, 0% used [0x00000000ece00000,0x00000000ece00000,0x00000000ed080000)
 ParOldGen       total 44032K, used 13676K [0x00000000c0200000, 0x00000000c2d00000, 0x00000000eab80000)
  object space 44032K, 31% used [0x00000000c0200000,0x00000000c0f5b330,0x00000000c2d00000)
 Metaspace       used 8882K, capacity 9056K, committed 9216K, reserved 1056768K
  class space    used 1082K, capacity 1159K, committed 1280K, reserved 1048576K
Event: 0.795 GC heap after
Heap after GC invocations=2 (full 0):
 PSYoungGen      total 35328K, used 2049K [0x00000000eab80000, 0x00000000ed080000, 0x0000000100000000)
  eden space 32768K, 0% used [0x00000000eab80000,0x00000000eab80000,0x00000000ecb80000)
  from space 2560K, 80% used [0x00000000ece00000,0x00000000ed0004b0,0x00000000ed080000)
  to   space 2560K, 0% used [0x00000000ecb80000,0x00000000ecb80000,0x00000000ece00000)
 ParOldGen       total 44032K, used 39641K [0x00000000c0200000, 0x00000000c2d00000, 0x00000000eab80000)
  object space 44032K, 90% used [0x00000000c0200000,0x00000000c28b6690,0x00000000c2d00000)
 Metaspace       used 8882K, capacity 9056K, committed 9216K, reserved 1056768K
  class space    used 1082K, capacity 1159K, committed 1280K, reserved 1048576K
}
Event: 0.795 GC heap before
{Heap before GC invocations=3 (full 1):
 PSYoungGen      total 35328K, used 2049K [0x00000000eab80000, 0x00000000ed080000, 0x0000000100000000)
  eden space 32768K, 0% used [0x00000000eab80000,0x00000000eab80000,0x00000000ecb80000)
  from space 2560K, 80% used [0x00000000ece00000,0x00000000ed0004b0,0x00000000ed080000)
  to   space 2560K, 0% used [0x00000000ecb80000,0x00000000ecb80000,0x00000000ece00000)
 ParOldGen       total 44032K, used 39641K [0x00000000c0200000, 0x00000000c2d00000, 0x00000000eab80000)
  object space 44032K, 90% used [0x00000000c0200000,0x00000000c28b6690,0x00000000c2d00000)
 Metaspace       used 8882K, capacity 9056K, committed 9216K, reserved 1056768K
  class space    used 1082K, capacity 1159K, committed 1280K, reserved 1048576K
Event: 0.816 GC heap after
Heap after GC invocations=3 (full 1):
 PSYoungGen      total 35328K, used 0K [0x00000000eab80000, 0x00000000ed080000, 0x0000000100000000)
  eden space 32768K, 0% used [0x00000000eab80000,0x00000000eab80000,0x00000000ecb80000)
  from space 2560K, 0% used [0x00000000ece00000,0x00000000ece00000,0x00000000ed080000)
  to   space 2560K, 0% used [0x00000000ecb80000,0x00000000ecb80000,0x00000000ece00000)
 ParOldGen       total 69632K, used 15089K [0x00000000c0200000, 0x00000000c4600000, 0x00000000eab80000)
  object space 69632K, 21% used [0x00000000c0200000,0x00000000c10bc548,0x00000000c4600000)
 Metaspace       used 8882K, capacity 9056K, committed 9216K, reserved 1056768K
  class space    used 1082K, capacity 1159K, committed 1280K, reserved 1048576K
}
Event: 4.361 GC heap before
{Heap before GC invocations=4 (full 1):
 PSYoungGen      total 35328K, used 32768K [0x00000000eab80000, 0x00000000ed080000, 0x0000000100000000)
  eden space 32768K, 100% used [0x00000000eab80000,0x00000000ecb80000,0x00000000ecb80000)
  from space 2560K, 0% used [0x00000000ece00000,0x00000000ece00000,0x00000000ed080000)
  to   space 2560K, 0% used [0x00000000ecb80000,0x00000000ecb80000,0x00000000ece00000)
 ParOldGen       total 69632K, used 15089K [0x00000000c0200000, 0x00000000c4600000, 0x00000000eab80000)
  object space 69632K, 21% used [0x00000000c0200000,0x00000000c10bc548,0x00000000c4600000)
 Metaspace       used 10157K, capacity 10340K, committed 10624K, reserved 1058816K
  class space    used 1194K, capacity 1287K, committed 1408K, reserved 1048576K
Event: 4.365 GC heap after
Heap after GC invocations=4 (full 1):
 PSYoungGen      total 35328K, used 617K [0x00000000eab80000, 0x00000000edd00000, 0x0000000100000000)
  eden space 32768K, 0% used [0x00000000eab80000,0x00000000eab80000,0x00000000ecb80000)
  from space 2560K, 24% used [0x00000000ecb80000,0x00000000ecc1a5f0,0x00000000ece00000)
  to   space 2560K, 0% used [0x00000000eda80000,0x00000000eda80000,0x00000000edd00000)
 ParOldGen       total 69632K, used 28766K [0x00000000c0200000, 0x00000000c4600000, 0x00000000eab80000)
  object space 69632K, 41% used [0x00000000c0200000,0x00000000c1e17878,0x00000000c4600000)
 Metaspace       used 10157K, capacity 10340K, committed 10624K, reserved 1058816K
  class space    used 1194K, capacity 1287K, committed 1408K, reserved 1048576K
}

Deoptimization events (6 events):
Event: 0.628 Thread 0x00000000022b0800 Uncommon trap: reason=unstable_if action=reinterpret pc=0x0000000002553a5c method=sun.awt.image.ByteInterleavedRaster.putByteData(IIII[B)V @ 395
Event: 0.687 Thread 0x00000000022b0800 Uncommon trap: reason=class_check action=maybe_recompile pc=0x00000000025792ec method=java.io.BufferedInputStream.fill()V @ 214
Event: 0.951 Thread 0x0000000017cf9000 Uncommon trap: reason=unstable_if action=reinterpret pc=0x00000000025af50c method=sun.awt.image.ByteInterleavedRaster.getDataElements(IILjava/lang/Object;)Ljava/lang/Object; @ 43
Event: 0.951 Thread 0x0000000017cf9000 Uncommon trap: reason=unstable_if action=reinterpret pc=0x00000000025b55dc method=java.awt.image.ComponentColorModel.getRGB(Ljava/lang/Object;)I @ 4
Event: 4.366 Thread 0x0000000017cf9000 Uncommon trap: reason=null_check action=make_not_entrant pc=0x00000000026e7e10 method=sun.font.FileFontStrike.getGlyphOutline(IFF)Ljava/awt/geom/GeneralPath; @ 20
Event: 4.865 Thread 0x0000000017cf9000 Uncommon trap: reason=unstable_if action=reinterpret pc=0x0000000002674848 method=java.util.concurrent.ConcurrentHashMap.get(Ljava/lang/Object;)Ljava/lang/Object; @ 86

Internal exceptions (10 events):
Event: 0.132 Thread 0x00000000022b0800 Exception <a 'java/security/PrivilegedActionException'> (0x00000000eac57058) thrown at [C:\re\workspace\8-2-build-windows-amd64-cygwin\jdk8u66\5298\hotspot\src\share\vm\prims\jvm.cpp, line 1386]
Event: 0.132 Thread 0x00000000022b0800 Exception <a 'java/security/PrivilegedActionException'> (0x00000000eac57268) thrown at [C:\re\workspace\8-2-build-windows-amd64-cygwin\jdk8u66\5298\hotspot\src\share\vm\prims\jvm.cpp, line 1386]
Event: 0.134 Thread 0x00000000022b0800 Exception <a 'java/security/PrivilegedActionException'> (0x00000000eac5ae10) thrown at [C:\re\workspace\8-2-build-windows-amd64-cygwin\jdk8u66\5298\hotspot\src\share\vm\prims\jvm.cpp, line 1386]
Event: 0.134 Thread 0x00000000022b0800 Exception <a 'java/security/PrivilegedActionException'> (0x00000000eac5b020) thrown at [C:\re\workspace\8-2-build-windows-amd64-cygwin\jdk8u66\5298\hotspot\src\share\vm\prims\jvm.cpp, line 1386]
Event: 0.142 Thread 0x00000000022b0800 Exception <a 'java/io/FileNotFoundException'> (0x00000000eac643c0) thrown at [C:\re\workspace\8-2-build-windows-amd64-cygwin\jdk8u66\5298\hotspot\src\share\vm\prims\jni.cpp, line 709]
Event: 0.192 Thread 0x00000000022b0800 Exception <a 'java/lang/NoSuchFieldError': method resolution failed> (0x00000000ead84898) thrown at [C:\re\workspace\8-2-build-windows-amd64-cygwin\jdk8u66\5298\hotspot\src\share\vm\prims\methodHandles.cpp, line 1146]
Event: 0.194 Thread 0x00000000022b0800 Exception <a 'java/lang/NoSuchFieldError': method resolution failed> (0x00000000ead91c68) thrown at [C:\re\workspace\8-2-build-windows-amd64-cygwin\jdk8u66\5298\hotspot\src\share\vm\prims\methodHandles.cpp, line 1146]
Event: 0.242 Thread 0x00000000022b0800 Exception <a 'java/io/FileNotFoundException'> (0x00000000eae1cd00) thrown at [C:\re\workspace\8-2-build-windows-amd64-cygwin\jdk8u66\5298\hotspot\src\share\vm\prims\jni.cpp, line 709]
Event: 0.951 Thread 0x0000000017cf9000 Implicit null exception at 0x00000000025af380 to 0x00000000025af4f1
Event: 4.366 Thread 0x0000000017cf9000 Implicit null exception at 0x00000000026e6f98 to 0x00000000026e7dfd

Events (10 events):
Event: 4.366 Thread 0x0000000017cf9000 Uncommon trap: trap_request=0xfffffff4 fr.pc=0x00000000026e7e10
Event: 4.366 Thread 0x0000000017cf9000 DEOPT PACKING pc=0x00000000026e7e10 sp=0x000000001a47c4c0
Event: 4.366 Thread 0x0000000017cf9000 DEOPT UNPACKING pc=0x00000000023f582a sp=0x000000001a47c408 mode 2
Event: 4.864 loading class java/util/concurrent/ConcurrentHashMap$TreeNode
Event: 4.864 loading class java/util/concurrent/ConcurrentHashMap$TreeNode done
Event: 4.864 loading class java/util/concurrent/ConcurrentHashMap$TreeBin
Event: 4.864 loading class java/util/concurrent/ConcurrentHashMap$TreeBin done
Event: 4.865 Thread 0x0000000017cf9000 Uncommon trap: trap_request=0xffffff65 fr.pc=0x0000000002674848
Event: 4.865 Thread 0x0000000017cf9000 DEOPT PACKING pc=0x0000000002674848 sp=0x000000001a47c440
Event: 4.865 Thread 0x0000000017cf9000 DEOPT UNPACKING pc=0x00000000023f582a sp=0x000000001a47c3b0 mode 2


Dynamic libraries:
0x00007ff771070000 - 0x00007ff7710a7000 	C:\Program Files\Java\jre1.8.0_66\bin\javaw.exe
0x00007ffb4e490000 - 0x00007ffb4e651000 	C:\WINDOWS\SYSTEM32\ntdll.dll
0x00007ffb4c2f0000 - 0x00007ffb4c39d000 	C:\WINDOWS\system32\KERNEL32.DLL
0x00007ffb4b460000 - 0x00007ffb4b648000 	C:\WINDOWS\system32\KERNELBASE.dll
0x00007ffb4ccb0000 - 0x00007ffb4cd57000 	C:\WINDOWS\system32\ADVAPI32.dll
0x00007ffb4c120000 - 0x00007ffb4c1bd000 	C:\WINDOWS\system32\msvcrt.dll
0x00007ffb4b9e0000 - 0x00007ffb4ba3b000 	C:\WINDOWS\system32\sechost.dll
0x00007ffb4ba50000 - 0x00007ffb4bb6c000 	C:\WINDOWS\system32\RPCRT4.dll
0x00007ffb4e330000 - 0x00007ffb4e486000 	C:\WINDOWS\system32\USER32.dll
0x00007ffb4c3a0000 - 0x00007ffb4c526000 	C:\WINDOWS\system32\GDI32.dll
0x00007ffb46eb0000 - 0x00007ffb47124000 	C:\WINDOWS\WinSxS\amd64_microsoft.windows.common-controls_6595b64144ccf1df_6.0.10586.0_none_8c15ae12515e1c22\COMCTL32.dll
0x00007ffb4bb90000 - 0x00007ffb4be0d000 	C:\WINDOWS\system32\combase.dll
0x00007ffb4b330000 - 0x00007ffb4b39a000 	C:\WINDOWS\system32\bcryptPrimitives.dll
0x00007ffb4b920000 - 0x00007ffb4b95b000 	C:\WINDOWS\system32\IMM32.DLL
0x0000000067b00000 - 0x0000000067bd2000 	C:\Program Files\Java\jre1.8.0_66\bin\msvcr100.dll
0x0000000067cf0000 - 0x0000000068579000 	C:\Program Files\Java\jre1.8.0_66\bin\server\jvm.dll
0x00007ffb4c530000 - 0x00007ffb4c538000 	C:\WINDOWS\system32\PSAPI.DLL
0x00007ffb40450000 - 0x00007ffb40459000 	C:\WINDOWS\SYSTEM32\WSOCK32.dll
0x00007ffb48c20000 - 0x00007ffb48c43000 	C:\WINDOWS\SYSTEM32\WINMM.dll
0x00007ffb47620000 - 0x00007ffb4762a000 	C:\WINDOWS\SYSTEM32\VERSION.dll
0x00007ffb4e2c0000 - 0x00007ffb4e32b000 	C:\WINDOWS\system32\WS2_32.dll
0x00007ffb48bc0000 - 0x00007ffb48bec000 	C:\WINDOWS\SYSTEM32\WINMMBASE.dll
0x00007ffb4b820000 - 0x00007ffb4b863000 	C:\WINDOWS\system32\cfgmgr32.dll
0x0000000068c80000 - 0x0000000068c8f000 	C:\Program Files\Java\jre1.8.0_66\bin\verify.dll
0x0000000067cc0000 - 0x0000000067ce9000 	C:\Program Files\Java\jre1.8.0_66\bin\java.dll
0x0000000068c10000 - 0x0000000068c26000 	C:\Program Files\Java\jre1.8.0_66\bin\zip.dll
0x00007ffb4cd60000 - 0x00007ffb4e2bf000 	C:\WINDOWS\system32\SHELL32.dll
0x00007ffb4ac50000 - 0x00007ffb4b294000 	C:\WINDOWS\system32\windows.storage.dll
0x00007ffb4cc50000 - 0x00007ffb4cca2000 	C:\WINDOWS\system32\shlwapi.dll
0x00007ffb4aaa0000 - 0x00007ffb4aaaf000 	C:\WINDOWS\system32\kernel.appcore.dll
0x00007ffb4b3a0000 - 0x00007ffb4b455000 	C:\WINDOWS\system32\shcore.dll
0x00007ffb4aad0000 - 0x00007ffb4ab1b000 	C:\WINDOWS\system32\powrprof.dll
0x00007ffb4aab0000 - 0x00007ffb4aac4000 	C:\WINDOWS\system32\profapi.dll
0x0000000067960000 - 0x0000000067af8000 	C:\Program Files\Java\jre1.8.0_66\bin\awt.dll
0x00007ffb4c540000 - 0x00007ffb4c601000 	C:\WINDOWS\system32\OLEAUT32.dll
0x00007ffb49280000 - 0x00007ffb492f9000 	C:\WINDOWS\system32\apphelp.dll
0x00007ffb486b0000 - 0x00007ffb486d2000 	C:\WINDOWS\system32\DWMAPI.DLL
0x00007ffb494f0000 - 0x00007ffb49586000 	C:\WINDOWS\system32\uxtheme.dll
0x00007ffb4be10000 - 0x00007ffb4bf6a000 	C:\WINDOWS\system32\MSCTF.dll
0x00007ffb4c610000 - 0x00007ffb4c753000 	C:\WINDOWS\system32\ole32.dll
0x00007ffb287c0000 - 0x00007ffb289d0000 	C:\WINDOWS\system32\d3d9.dll
0x00007ffb1d6c0000 - 0x00007ffb1e776000 	C:\WINDOWS\SYSTEM32\nvd3dumx.dll
0x00000000678b0000 - 0x00000000678f7000 	C:\Program Files\Java\jre1.8.0_66\bin\fontmanager.dll
0x0000000067c70000 - 0x0000000067c8a000 	C:\Program Files\Java\jre1.8.0_66\bin\net.dll
0x00007ffb4a360000 - 0x00007ffb4a3bc000 	C:\WINDOWS\system32\mswsock.dll
0x0000000067c50000 - 0x0000000067c61000 	C:\Program Files\Java\jre1.8.0_66\bin\nio.dll
0x0000000067860000 - 0x00000000678a2000 	C:\Program Files\Java\jre1.8.0_66\bin\t2k.dll
0x0000000067930000 - 0x000000006795a000 	C:\Program Files\Java\jre1.8.0_66\bin\dcpr.dll
0x00007ffb46c80000 - 0x00007ffb46e0c000 	C:\WINDOWS\SYSTEM32\dbghelp.dll

VM Arguments:
jvm_args: -Dfile.encoding=Cp1252 
java_command: me3_one_element_at_a_time.Main
java_class_path (initial): C:\Users\Rasmus\git\me3_one_element_at_a_time\me3_one_element_at_a_time\bin
Launcher Type: SUN_STANDARD

Environment Variables:
PATH=C:/Program Files/Java/jre1.8.0_66/bin/server;C:/Program Files/Java/jre1.8.0_66/bin;C:/Program Files/Java/jre1.8.0_66/lib/amd64;C:\PROGRAMDATA\ORACLE\JAVA\JAVAPATH;C:\PROGRAM FILES (X86)\NVIDIA CORPORATION\PHYSX\COMMON;C:\WINDOWS\SYSTEM32;C:\WINDOWS;C:\WINDOWS\SYSTEM32\WBEM;C:\WINDOWS\SYSTEM32\WINDOWSPOWERSHELL\V1.0\;;C:\PROGRAM FILES (X86)\COMMON FILES\ULEAD SYSTEMS\MPEG;C:\PROGRAM FILES (X86)\COMMON FILES\DIVX SHARED\;C:\Program Files (x86)\QuickTime\QTSystem\;C:\WINDOWS\system32;C:\WINDOWS;C:\WINDOWS\System32\Wbem;C:\WINDOWS\System32\WindowsPowerShell\v1.0\;C:\Program Files\Java\jdk1.8.0_65\bin;C:\Users\Rasmus\Desktop;
USERNAME=Rasmus
OS=Windows_NT
PROCESSOR_IDENTIFIER=Intel64 Family 6 Model 30 Stepping 5, GenuineIntel



---------------  S Y S T E M  ---------------

OS: Windows 10.0 , 64 bit Build 10586 (10.0.10586.0)

CPU:total 8 (4 cores per cpu, 2 threads per core) family 6 model 30 stepping 5, cmov, cx8, fxsr, mmx, sse, sse2, sse3, ssse3, sse4.1, sse4.2, popcnt, ht, tsc, tscinvbit

Memory: 4k page, physical 4184968k(1145856k free), swap 8379272k(3227468k free)

vm_info: Java HotSpot(TM) 64-Bit Server VM (25.66-b18) for windows-amd64 JRE (1.8.0_66-b18), built on Nov  9 2015 10:51:13 by "java_re" with MS VC++ 10.0 (VS2010)

time: Wed Jan 06 13:25:12 2016
elapsed time: 6 seconds (0d 0h 0m 6s)

