#
# A fatal error has been detected by the Java Runtime Environment:
#
#  EXCEPTION_ACCESS_VIOLATION (0xc0000005) at pc=0x00000000679342a3, pid=1544, tid=1292
#
# JRE version: Java(TM) SE Runtime Environment (8.0_66-b18) (build 1.8.0_66-b18)
# Java VM: Java HotSpot(TM) 64-Bit Server VM (25.66-b18 mixed mode windows-amd64 compressed oops)
# Problematic frame:
# C  [dcpr.dll+0x42a3]
#
# Failed to write core dump. Minidumps are not enabled by default on client versions of Windows
#
# If you would like to submit a bug report, please visit:
#   http://bugreport.java.com/bugreport/crash.jsp
# The crash happened outside the Java Virtual Machine in native code.
# See problematic frame for where to report the bug.
#

---------------  T H R E A D  ---------------

Current thread (0x0000000017d06800):  JavaThread "AWT-EventQueue-0" [_thread_in_native, id=1292, stack(0x000000001a460000,0x000000001a560000)]

siginfo: ExceptionCode=0xc0000005, reading address 0xffffffff67944120

Registers:
RAX=0x0000000080000000, RBX=0x000000001a55be40, RCX=0xffffffff80000000, RDX=0x0000000067930000
RSP=0x000000001a55bcc8, RBP=0x000000001a55bd90, RSI=0x0000000000000000, RDI=0x000000001a55bd78
R8 =0x000000001a55be40, R9 =0x0000000000000000, R10=0x0000000000000008, R11=0x00000000684f1258
R12=0x0000000000000000, R13=0x0000000000000000, R14=0x000000001a55bff8, R15=0x0000000017d06800
RIP=0x00000000679342a3, EFLAGS=0x0000000000010242

Top of Stack: (sp=0x000000001a55bcc8)
0x000000001a55bcc8:   0000000067934454 7f800000fb609550
0x000000001a55bcd8:   7f8000007d6b2632 00004910c3258e51
0x000000001a55bce8:   0000000000000001 000000007e545cff
0x000000001a55bcf8:   0000000000000000 0000000014c70370
0x000000001a55bd08:   0000000000000000 000000001a55be40
0x000000001a55bd18:   000000006793c79b 0000000017d04478
0x000000001a55bd28:   000000001a55bdb9 0000000017ca8980
0x000000001a55bd38:   0000000000000000 399b839a252049c1
0x000000001a55bd48:   00000004401921fb 0000000000000036
0x000000001a55bd58:   0000000000000001 4010000000000000
0x000000001a55bd68:   0000040000000400 3c91a600ffffffff
0x000000001a55bd78:   ffc000007ebe1f4c ff8000007f800000
0x000000001a55bd88:   febe1f4effc00000 00000000ffc00000
0x000000001a55bd98:   000000003cb1a626 bcb1a60000000000
0x000000001a55bda8:   7f80000000000401 3cb1a62633145c07
0x000000001a55bdb8:   7f8000007d6b2632 7f8000007d6b2632 

Instructions: (pc=0x00000000679342a3)
0x0000000067934283:   c0 7a 27 75 25 f3 0f 5e c8 f3 0f 59 0d 40 c1 00
0x0000000067934293:   00 f3 0f 58 0d 34 c1 00 00 f3 0f 2c c1 48 63 c8
0x00000000679342a3:   0f bf 84 4a 20 41 01 00 eb 02 33 c0 48 98 f3 0f
0x00000000679342b3:   5e 84 82 10 39 01 00 c3 0f 2e c0 48 8d 15 3b bd 


Register to memory mapping:

RAX=0x0000000080000000 is an unknown value
RBX=0x000000001a55be40 is pointing into the stack for thread: 0x0000000017d06800
RCX=0xffffffff80000000 is an unknown value
RDX=0x0000000067930000 is an unknown value
RSP=0x000000001a55bcc8 is pointing into the stack for thread: 0x0000000017d06800
RBP=0x000000001a55bd90 is pointing into the stack for thread: 0x0000000017d06800
RSI=0x0000000000000000 is an unknown value
RDI=0x000000001a55bd78 is pointing into the stack for thread: 0x0000000017d06800
R8 =0x000000001a55be40 is pointing into the stack for thread: 0x0000000017d06800
R9 =0x0000000000000000 is an unknown value
R10=0x0000000000000008 is an unknown value
R11=0x00000000684f1258 is an unknown value
R12=0x0000000000000000 is an unknown value
R13=0x0000000000000000 is an unknown value
R14=0x000000001a55bff8 is pointing into the stack for thread: 0x0000000017d06800
R15=0x0000000017d06800 is a thread


Stack: [0x000000001a460000,0x000000001a560000],  sp=0x000000001a55bcc8,  free space=1007k
Native frames: (J=compiled Java code, j=interpreted, Vv=VM code, C=native code)
C  [dcpr.dll+0x42a3]

Java frames: (J=compiled Java code, j=interpreted, Vv=VM code)
j  sun.dc.pr.PathStroker.appendCubic(FFFFFF)V+0
j  sun.dc.pr.Rasterizer.appendCubic(FFFFFF)V+31
J 540 C1 sun.dc.DuctusRenderingEngine.getAATileGenerator(Ljava/awt/Shape;Ljava/awt/geom/AffineTransform;Lsun/java2d/pipe/Region;Ljava/awt/BasicStroke;ZZ[I)Lsun/java2d/pipe/AATileGenerator; (1189 bytes) @ 0x000000000258da34 [0x000000000258b6a0+0x2394]
j  sun.java2d.pipe.AAShapePipe.renderPath(Lsun/java2d/SunGraphics2D;Ljava/awt/Shape;Ljava/awt/BasicStroke;)V+62
j  sun.java2d.pipe.AAShapePipe.draw(Lsun/java2d/SunGraphics2D;Ljava/awt/Shape;)V+38
j  sun.java2d.pipe.PixelToParallelogramConverter.draw(Lsun/java2d/SunGraphics2D;Ljava/awt/Shape;)V+156
j  sun.java2d.pipe.PixelToShapeConverter.drawArc(Lsun/java2d/SunGraphics2D;IIIIII)V+29
j  sun.java2d.SunGraphics2D.drawArc(IIIIII)V+14
j  me3_one_element_at_a_time.Planet.drawOrbit(Ljava/awt/Graphics2D;)V+23
j  me3_one_element_at_a_time.Planet.draw(Ljava/awt/Graphics2D;Lme3_one_element_at_a_time/EclipseTime;ILjava/util/ArrayList;)V+26
j  me3_one_element_at_a_time.Main.paint(Ljava/awt/Graphics;)V+92
j  javax.swing.JComponent.paintChildren(Ljava/awt/Graphics;)V+501
j  javax.swing.JComponent.paint(Ljava/awt/Graphics;)V+318
j  javax.swing.JComponent.paintChildren(Ljava/awt/Graphics;)V+501
j  javax.swing.JComponent.paint(Ljava/awt/Graphics;)V+318
j  javax.swing.JLayeredPane.paint(Ljava/awt/Graphics;)V+73
j  javax.swing.JComponent.paintChildren(Ljava/awt/Graphics;)V+501
j  javax.swing.JComponent.paintToOffscreen(Ljava/awt/Graphics;IIIIII)V+72
j  javax.swing.RepaintManager$PaintManager.paintDoubleBuffered(Ljavax/swing/JComponent;Ljava/awt/Image;Ljava/awt/Graphics;IIII)V+163
j  javax.swing.RepaintManager$PaintManager.paint(Ljavax/swing/JComponent;Ljavax/swing/JComponent;Ljava/awt/Graphics;IIII)Z+116
j  javax.swing.RepaintManager.paint(Ljavax/swing/JComponent;Ljavax/swing/JComponent;Ljava/awt/Graphics;IIII)V+51
j  javax.swing.JComponent.paint(Ljava/awt/Graphics;)V+221
j  java.awt.GraphicsCallback$PaintCallback.run(Ljava/awt/Component;Ljava/awt/Graphics;)V+2
j  sun.awt.SunGraphicsCallback.runOneComponent(Ljava/awt/Component;Ljava/awt/Rectangle;Ljava/awt/Graphics;Ljava/awt/Shape;I)V+155
j  sun.awt.SunGraphicsCallback.runComponents([Ljava/awt/Component;Ljava/awt/Graphics;I)V+194
j  java.awt.Container.paint(Ljava/awt/Graphics;)V+58
j  java.awt.Window.paint(Ljava/awt/Graphics;)V+68
j  javax.swing.RepaintManager$4.run()Ljava/lang/Void;+142
j  javax.swing.RepaintManager$4.run()Ljava/lang/Object;+1
v  ~StubRoutines::call_stub
j  java.security.AccessController.doPrivileged(Ljava/security/PrivilegedAction;Ljava/security/AccessControlContext;)Ljava/lang/Object;+0
j  java.security.ProtectionDomain$JavaSecurityAccessImpl.doIntersectionPrivilege(Ljava/security/PrivilegedAction;Ljava/security/AccessControlContext;Ljava/security/AccessControlContext;)Ljava/lang/Object;+18
j  javax.swing.RepaintManager.paintDirtyRegions(Ljava/util/Map;)V+154
j  javax.swing.RepaintManager.paintDirtyRegions()V+46
j  javax.swing.RepaintManager.prePaintDirtyRegions()V+73
j  javax.swing.RepaintManager.access$1200(Ljavax/swing/RepaintManager;)V+1
j  javax.swing.RepaintManager$ProcessingRunnable.run()V+37
j  java.awt.event.InvocationEvent.dispatch()V+47
j  java.awt.EventQueue.dispatchEventImpl(Ljava/awt/AWTEvent;Ljava/lang/Object;)V+21
j  java.awt.EventQueue.access$500(Ljava/awt/EventQueue;Ljava/awt/AWTEvent;Ljava/lang/Object;)V+3
j  java.awt.EventQueue$3.run()Ljava/lang/Void;+32
j  java.awt.EventQueue$3.run()Ljava/lang/Object;+1
v  ~StubRoutines::call_stub
j  java.security.AccessController.doPrivileged(Ljava/security/PrivilegedAction;Ljava/security/AccessControlContext;)Ljava/lang/Object;+0
j  java.security.ProtectionDomain$JavaSecurityAccessImpl.doIntersectionPrivilege(Ljava/security/PrivilegedAction;Ljava/security/AccessControlContext;Ljava/security/AccessControlContext;)Ljava/lang/Object;+18
j  java.awt.EventQueue.dispatchEvent(Ljava/awt/AWTEvent;)V+46
j  java.awt.EventDispatchThread.pumpOneEventForFilters(I)V+245
j  java.awt.EventDispatchThread.pumpEventsForFilter(ILjava/awt/Conditional;Ljava/awt/EventFilter;)V+35
j  java.awt.EventDispatchThread.pumpEventsForHierarchy(ILjava/awt/Conditional;Ljava/awt/Component;)V+11
j  java.awt.EventDispatchThread.pumpEvents(ILjava/awt/Conditional;)V+4
j  java.awt.EventDispatchThread.pumpEvents(Ljava/awt/Conditional;)V+3
j  java.awt.EventDispatchThread.run()V+9
v  ~StubRoutines::call_stub

---------------  P R O C E S S  ---------------

Java Threads: ( => current thread )
  0x0000000017d36800 JavaThread "D3D Screen Updater" daemon [_thread_blocked, id=4088, stack(0x000000001acb0000,0x000000001adb0000)]
=>0x0000000017d06800 JavaThread "AWT-EventQueue-0" [_thread_in_native, id=1292, stack(0x000000001a460000,0x000000001a560000)]
  0x0000000017c4a800 JavaThread "AWT-Windows" daemon [_thread_in_native, id=7036, stack(0x00000000186b0000,0x00000000187b0000)]
  0x0000000017314800 JavaThread "AWT-Shutdown" [_thread_blocked, id=10968, stack(0x00000000185b0000,0x00000000186b0000)]
  0x0000000017313800 JavaThread "Java2D Disposer" daemon [_thread_blocked, id=1884, stack(0x0000000018420000,0x0000000018520000)]
  0x0000000017007000 JavaThread "Service Thread" daemon [_thread_blocked, id=4864, stack(0x0000000017930000,0x0000000017a30000)]
  0x0000000016f6d800 JavaThread "C1 CompilerThread3" daemon [_thread_blocked, id=3856, stack(0x0000000017830000,0x0000000017930000)]
  0x0000000016f61800 JavaThread "C2 CompilerThread2" daemon [_thread_blocked, id=17132, stack(0x0000000017730000,0x0000000017830000)]
  0x0000000016f59000 JavaThread "C2 CompilerThread1" daemon [_thread_blocked, id=1044, stack(0x0000000017630000,0x0000000017730000)]
  0x0000000016f56000 JavaThread "C2 CompilerThread0" daemon [_thread_blocked, id=13328, stack(0x0000000017530000,0x0000000017630000)]
  0x0000000016f54000 JavaThread "Attach Listener" daemon [_thread_blocked, id=5548, stack(0x0000000017430000,0x0000000017530000)]
  0x0000000014e7e800 JavaThread "Signal Dispatcher" daemon [_thread_blocked, id=5800, stack(0x0000000017330000,0x0000000017430000)]
  0x0000000002348800 JavaThread "Finalizer" daemon [_thread_blocked, id=4244, stack(0x0000000016d40000,0x0000000016e40000)]
  0x0000000014e6d800 JavaThread "Reference Handler" daemon [_thread_blocked, id=12984, stack(0x0000000016c40000,0x0000000016d40000)]
  0x0000000002250800 JavaThread "main" [_thread_blocked, id=11808, stack(0x0000000002150000,0x0000000002250000)]

Other Threads:
  0x0000000014e69000 VMThread [stack: 0x0000000016b40000,0x0000000016c40000] [id=10992]
  0x0000000017009800 WatcherThread [stack: 0x0000000017a30000,0x0000000017b30000] [id=10004]

VM state:not at safepoint (normal execution)

VM Mutex/Monitor currently owned by a thread: None

Heap:
 PSYoungGen      total 35328K, used 7795K [0x00000000eab80000, 0x00000000ed080000, 0x0000000100000000)
  eden space 32768K, 23% used [0x00000000eab80000,0x00000000eb31cff8,0x00000000ecb80000)
  from space 2560K, 0% used [0x00000000ece00000,0x00000000ece00000,0x00000000ed080000)
  to   space 2560K, 0% used [0x00000000ecb80000,0x00000000ecb80000,0x00000000ece00000)
 ParOldGen       total 69632K, used 15136K [0x00000000c0200000, 0x00000000c4600000, 0x00000000eab80000)
  object space 69632K, 21% used [0x00000000c0200000,0x00000000c10c82c8,0x00000000c4600000)
 Metaspace       used 9668K, capacity 9860K, committed 9984K, reserved 1058816K
  class space    used 1169K, capacity 1255K, committed 1280K, reserved 1048576K

Card table byte_map: [0x0000000011710000,0x0000000011910000] byte_map_base: 0x000000001110f000

Marking Bits: (ParMarkBitMap*) 0x00000000684fa5b0
 Begin Bits: [0x0000000012270000, 0x0000000013268000)
 End Bits:   [0x0000000013268000, 0x0000000014260000)

Polling page: 0x0000000000460000

CodeCache: size=245760Kb used=2337Kb max_used=2337Kb free=243422Kb
 bounds [0x0000000002350000, 0x00000000025c0000, 0x0000000011350000]
 total_blobs=1034 nmethods=549 adapters=399
 compilation: enabled

Compilation events (10 events):
Event: 3.235 Thread 0x0000000016f6d800  547       3       sun.font.FileFontStrike::getGlyphOutline (141 bytes)
Event: 3.237 Thread 0x0000000016f6d800 nmethod 547 0x0000000002594010 code [0x0000000002594360, 0x00000000025962b8]
Event: 3.237 Thread 0x0000000016f6d800  548       3       java.awt.geom.Path2D$Float::clone (25 bytes)
Event: 3.237 Thread 0x0000000016f6d800 nmethod 548 0x00000000025974d0 code [0x0000000002597660, 0x0000000002597af8]
Event: 3.237 Thread 0x0000000016f6d800  541       3       java.awt.geom.ArcIterator::currentSegment (347 bytes)
Event: 3.238 Thread 0x0000000016f6d800 nmethod 541 0x0000000002597c50 code [0x0000000002597ea0, 0x0000000002599518]
Event: 3.238 Thread 0x0000000016f6d800  542       3       java.awt.geom.ArcIterator::next (11 bytes)
Event: 3.238 Thread 0x0000000016f6d800 nmethod 542 0x0000000002581e90 code [0x0000000002581fe0, 0x0000000002582130]
Event: 3.238 Thread 0x0000000016f6d800  549       1       sun.font.SunFontManager::usingPerAppContextComposites (5 bytes)
Event: 3.238 Thread 0x0000000016f6d800 nmethod 549 0x0000000002588450 code [0x00000000025885a0, 0x00000000025886b0]

GC Heap History (6 events):
Event: 0.509 GC heap before
{Heap before GC invocations=1 (full 0):
 PSYoungGen      total 18944K, used 13099K [0x00000000eab80000, 0x00000000ec080000, 0x0000000100000000)
  eden space 16384K, 79% used [0x00000000eab80000,0x00000000eb84ac48,0x00000000ebb80000)
  from space 2560K, 0% used [0x00000000ebe00000,0x00000000ebe00000,0x00000000ec080000)
  to   space 2560K, 0% used [0x00000000ebb80000,0x00000000ebb80000,0x00000000ebe00000)
 ParOldGen       total 44032K, used 0K [0x00000000c0200000, 0x00000000c2d00000, 0x00000000eab80000)
  object space 44032K, 0% used [0x00000000c0200000,0x00000000c0200000,0x00000000c2d00000)
 Metaspace       used 6387K, capacity 6554K, committed 6784K, reserved 1056768K
  class space    used 730K, capacity 795K, committed 896K, reserved 1048576K
Event: 0.515 GC heap after
Heap after GC invocations=1 (full 0):
 PSYoungGen      total 18944K, used 1253K [0x00000000eab80000, 0x00000000ed080000, 0x0000000100000000)
  eden space 16384K, 0% used [0x00000000eab80000,0x00000000eab80000,0x00000000ebb80000)
  from space 2560K, 48% used [0x00000000ebb80000,0x00000000ebcb95f0,0x00000000ebe00000)
  to   space 2560K, 0% used [0x00000000ece00000,0x00000000ece00000,0x00000000ed080000)
 ParOldGen       total 44032K, used 13676K [0x00000000c0200000, 0x00000000c2d00000, 0x00000000eab80000)
  object space 44032K, 31% used [0x00000000c0200000,0x00000000c0f5b330,0x00000000c2d00000)
 Metaspace       used 6387K, capacity 6554K, committed 6784K, reserved 1056768K
  class space    used 730K, capacity 795K, committed 896K, reserved 1048576K
}
Event: 0.745 GC heap before
{Heap before GC invocations=2 (full 0):
 PSYoungGen      total 18944K, used 16444K [0x00000000eab80000, 0x00000000ed080000, 0x0000000100000000)
  eden space 16384K, 92% used [0x00000000eab80000,0x00000000eba55a78,0x00000000ebb80000)
  from space 2560K, 48% used [0x00000000ebb80000,0x00000000ebcb95f0,0x00000000ebe00000)
  to   space 2560K, 0% used [0x00000000ece00000,0x00000000ece00000,0x00000000ed080000)
 ParOldGen       total 44032K, used 13676K [0x00000000c0200000, 0x00000000c2d00000, 0x00000000eab80000)
  object space 44032K, 31% used [0x00000000c0200000,0x00000000c0f5b330,0x00000000c2d00000)
 Metaspace       used 8885K, capacity 9056K, committed 9216K, reserved 1056768K
  class space    used 1082K, capacity 1159K, committed 1280K, reserved 1048576K
Event: 0.755 GC heap after
Heap after GC invocations=2 (full 0):
 PSYoungGen      total 35328K, used 2065K [0x00000000eab80000, 0x00000000ed080000, 0x0000000100000000)
  eden space 32768K, 0% used [0x00000000eab80000,0x00000000eab80000,0x00000000ecb80000)
  from space 2560K, 80% used [0x00000000ece00000,0x00000000ed0044a0,0x00000000ed080000)
  to   space 2560K, 0% used [0x00000000ecb80000,0x00000000ecb80000,0x00000000ece00000)
 ParOldGen       total 44032K, used 39641K [0x00000000c0200000, 0x00000000c2d00000, 0x00000000eab80000)
  object space 44032K, 90% used [0x00000000c0200000,0x00000000c28b6690,0x00000000c2d00000)
 Metaspace       used 8885K, capacity 9056K, committed 9216K, reserved 1056768K
  class space    used 1082K, capacity 1159K, committed 1280K, reserved 1048576K
}
Event: 0.755 GC heap before
{Heap before GC invocations=3 (full 1):
 PSYoungGen      total 35328K, used 2065K [0x00000000eab80000, 0x00000000ed080000, 0x0000000100000000)
  eden space 32768K, 0% used [0x00000000eab80000,0x00000000eab80000,0x00000000ecb80000)
  from space 2560K, 80% used [0x00000000ece00000,0x00000000ed0044a0,0x00000000ed080000)
  to   space 2560K, 0% used [0x00000000ecb80000,0x00000000ecb80000,0x00000000ece00000)
 ParOldGen       total 44032K, used 39641K [0x00000000c0200000, 0x00000000c2d00000, 0x00000000eab80000)
  object space 44032K, 90% used [0x00000000c0200000,0x00000000c28b6690,0x00000000c2d00000)
 Metaspace       used 8885K, capacity 9056K, committed 9216K, reserved 1056768K
  class space    used 1082K, capacity 1159K, committed 1280K, reserved 1048576K
Event: 0.777 GC heap after
Heap after GC invocations=3 (full 1):
 PSYoungGen      total 35328K, used 0K [0x00000000eab80000, 0x00000000ed080000, 0x0000000100000000)
  eden space 32768K, 0% used [0x00000000eab80000,0x00000000eab80000,0x00000000ecb80000)
  from space 2560K, 0% used [0x00000000ece00000,0x00000000ece00000,0x00000000ed080000)
  to   space 2560K, 0% used [0x00000000ecb80000,0x00000000ecb80000,0x00000000ece00000)
 ParOldGen       total 69632K, used 15136K [0x00000000c0200000, 0x00000000c4600000, 0x00000000eab80000)
  object space 69632K, 21% used [0x00000000c0200000,0x00000000c10c82c8,0x00000000c4600000)
 Metaspace       used 8885K, capacity 9056K, committed 9216K, reserved 1056768K
  class space    used 1082K, capacity 1159K, committed 1280K, reserved 1048576K
}

Deoptimization events (2 events):
Event: 0.592 Thread 0x0000000002250800 Uncommon trap: reason=unstable_if action=reinterpret pc=0x00000000024fb39c method=sun.awt.image.ByteInterleavedRaster.putByteData(IIII[B)V @ 395
Event: 0.653 Thread 0x0000000002250800 Uncommon trap: reason=class_check action=maybe_recompile pc=0x000000000251d1ac method=java.io.BufferedInputStream.fill()V @ 214

Internal exceptions (10 events):
Event: 0.048 Thread 0x0000000002250800 Exception <a 'java/lang/NoSuchMethodError': Method sun.misc.Unsafe.defineClass(Ljava/lang/String;[BII)Ljava/lang/Class; name or signature does not match> (0x00000000eab8d458) thrown at [C:\re\workspace\8-2-build-windows-amd64-cygwin\jdk8u66\5298\hotspot\srL%ÙÎ˛d®?
Event: 0.048 Thread 0x0000000002250800 Exception <a 'java/lang/NoSuchMethodError': Method sun.misc.Unsafe.prefetchRead(Ljava/lang/Object;J)V name or signature does not match> (0x00000000eab8d740) thrown at [C:\re\workspace\8-2-build-windows-amd64-cygwin\jdk8u66\5298\hotspot\src\share\vm\prims\j‘öç“”£¡?
Event: 0.138 Thread 0x0000000002250800 Exception <a 'java/security/PrivilegedActionException'> (0x00000000eac57040) thrown at [C:\re\workspace\8-2-build-windows-amd64-cygwin\jdk8u66\5298\hotspot\src\share\vm\prims\jvm.cpp, line 1386]
Event: 0.138 Thread 0x0000000002250800 Exception <a 'java/security/PrivilegedActionException'> (0x00000000eac57250) thrown at [C:\re\workspace\8-2-build-windows-amd64-cygwin\jdk8u66\5298\hotspot\src\share\vm\prims\jvm.cpp, line 1386]
Event: 0.139 Thread 0x0000000002250800 Exception <a 'java/security/PrivilegedActionException'> (0x00000000eac5adf8) thrown at [C:\re\workspace\8-2-build-windows-amd64-cygwin\jdk8u66\5298\hotspot\src\share\vm\prims\jvm.cpp, line 1386]
Event: 0.139 Thread 0x0000000002250800 Exception <a 'java/security/PrivilegedActionException'> (0x00000000eac5b008) thrown at [C:\re\workspace\8-2-build-windows-amd64-cygwin\jdk8u66\5298\hotspot\src\share\vm\prims\jvm.cpp, line 1386]
Event: 0.149 Thread 0x0000000002250800 Exception <a 'java/io/FileNotFoundException'> (0x00000000eac643a8) thrown at [C:\re\workspace\8-2-build-windows-amd64-cygwin\jdk8u66\5298\hotspot\src\share\vm\prims\jni.cpp, line 709]
Event: 0.205 Thread 0x0000000002250800 Exception <a 'java/lang/NoSuchFieldError': method resolution failed> (0x00000000ead84878) thrown at [C:\re\workspace\8-2-build-windows-amd64-cygwin\jdk8u66\5298\hotspot\src\share\vm\prims\methodHandles.cpp, line 1146]
Event: 0.207 Thread 0x0000000002250800 Exception <a 'java/lang/NoSuchFieldError': method resolution failed> (0x00000000ead91c48) thrown at [C:\re\workspace\8-2-build-windows-amd64-cygwin\jdk8u66\5298\hotspot\src\share\vm\prims\methodHandles.cpp, line 1146]
Event: 0.255 Thread 0x0000000002250800 Exception <a 'java/io/FileNotFoundException'> (0x00000000eae1cce0) thrown at [C:\re\workspace\8-2-build-windows-amd64-cygwin\jdk8u66\5298\hotspot\src\share\vm\prims\jni.cpp, line 709]

Events (10 events):
Event: 0.905 loading class java/awt/font/TextLine$TextLineMetrics
Event: 0.905 loading class java/awt/font/TextLine$TextLineMetrics done
Event: 0.905 loading class sun/font/StandardGlyphVector$GlyphStrike
Event: 0.905 loading class sun/font/StandardGlyphVector$GlyphStrike done
Event: 0.906 loading class java/awt/geom/Path2D$Float$CopyIterator
Event: 0.906 loading class java/awt/geom/Path2D$Iterator
Event: 0.906 loading class java/awt/geom/Path2D$Iterator done
Event: 0.906 loading class java/awt/geom/Path2D$Float$CopyIterator done
Event: 0.907 loading class java/awt/geom/Path2D$Float$TxIterator
Event: 0.907 loading class java/awt/geom/Path2D$Float$TxIterator done


Dynamic libraries:
0x00007ff771070000 - 0x00007ff7710a7000 	C:\Program Files\Java\jre1.8.0_66\bin\javaw.exe
0x00007ffb4e490000 - 0x00007ffb4e651000 	C:\WINDOWS\SYSTEM32\ntdll.dll
0x00007ffb4c2f0000 - 0x00007ffb4c39d000 	C:\WINDOWS\system32\KERNEL32.DLL
0x00007ffb4b460000 - 0x00007ffb4b648000 	C:\WINDOWS\system32\KERNELBASE.dll
0x00007ffb4ccb0000 - 0x00007ffb4cd57000 	C:\WINDOWS\system32\ADVAPI32.dll
0x00007ffb4c120000 - 0x00007ffb4c1bd000 	C:\WINDOWS\system32\msvcrt.dll
0x00007ffb4b9e0000 - 0x00007ffb4ba3b000 	C:\WINDOWS\system32\sechost.dll
0x00007ffb4ba50000 - 0x00007ffb4bb6c000 	C:\WINDOWS\system32\RPCRT4.dll
0x00007ffb4e330000 - 0x00007ffb4e486000 	C:\WINDOWS\system32\USER32.dll
0x00007ffb4c3a0000 - 0x00007ffb4c526000 	C:\WINDOWS\system32\GDI32.dll
0x00007ffb46eb0000 - 0x00007ffb47124000 	C:\WINDOWS\WinSxS\amd64_microsoft.windows.common-controls_6595b64144ccf1df_6.0.10586.0_none_8c15ae12515e1c22\COMCTL32.dll
0x00007ffb4bb90000 - 0x00007ffb4be0d000 	C:\WINDOWS\system32\combase.dll
0x00007ffb4b330000 - 0x00007ffb4b39a000 	C:\WINDOWS\system32\bcryptPrimitives.dll
0x00007ffb4b920000 - 0x00007ffb4b95b000 	C:\WINDOWS\system32\IMM32.DLL
0x0000000067b00000 - 0x0000000067bd2000 	C:\Program Files\Java\jre1.8.0_66\bin\msvcr100.dll
0x0000000067cf0000 - 0x0000000068579000 	C:\Program Files\Java\jre1.8.0_66\bin\server\jvm.dll
0x00007ffb4c530000 - 0x00007ffb4c538000 	C:\WINDOWS\system32\PSAPI.DLL
0x00007ffb40450000 - 0x00007ffb40459000 	C:\WINDOWS\SYSTEM32\WSOCK32.dll
0x00007ffb48c20000 - 0x00007ffb48c43000 	C:\WINDOWS\SYSTEM32\WINMM.dll
0x00007ffb47620000 - 0x00007ffb4762a000 	C:\WINDOWS\SYSTEM32\VERSION.dll
0x00007ffb4e2c0000 - 0x00007ffb4e32b000 	C:\WINDOWS\system32\WS2_32.dll
0x0000000002120000 - 0x000000000214c000 	C:\WINDOWS\SYSTEM32\WINMMBASE.dll
0x00007ffb4b820000 - 0x00007ffb4b863000 	C:\WINDOWS\system32\cfgmgr32.dll
0x0000000068c80000 - 0x0000000068c8f000 	C:\Program Files\Java\jre1.8.0_66\bin\verify.dll
0x0000000067cc0000 - 0x0000000067ce9000 	C:\Program Files\Java\jre1.8.0_66\bin\java.dll
0x0000000068c10000 - 0x0000000068c26000 	C:\Program Files\Java\jre1.8.0_66\bin\zip.dll
0x00007ffb4cd60000 - 0x00007ffb4e2bf000 	C:\WINDOWS\system32\SHELL32.dll
0x00007ffb4ac50000 - 0x00007ffb4b294000 	C:\WINDOWS\system32\windows.storage.dll
0x00007ffb4cc50000 - 0x00007ffb4cca2000 	C:\WINDOWS\system32\shlwapi.dll
0x00007ffb4aaa0000 - 0x00007ffb4aaaf000 	C:\WINDOWS\system32\kernel.appcore.dll
0x00007ffb4b3a0000 - 0x00007ffb4b455000 	C:\WINDOWS\system32\shcore.dll
0x00007ffb4aad0000 - 0x00007ffb4ab1b000 	C:\WINDOWS\system32\powrprof.dll
0x00007ffb4aab0000 - 0x00007ffb4aac4000 	C:\WINDOWS\system32\profapi.dll
0x0000000067960000 - 0x0000000067af8000 	C:\Program Files\Java\jre1.8.0_66\bin\awt.dll
0x00007ffb4c540000 - 0x00007ffb4c601000 	C:\WINDOWS\system32\OLEAUT32.dll
0x00007ffb49280000 - 0x00007ffb492f9000 	C:\WINDOWS\system32\apphelp.dll
0x00007ffb486b0000 - 0x00007ffb486d2000 	C:\WINDOWS\system32\DWMAPI.DLL
0x00007ffb494f0000 - 0x00007ffb49586000 	C:\WINDOWS\system32\uxtheme.dll
0x00007ffb4be10000 - 0x00007ffb4bf6a000 	C:\WINDOWS\system32\MSCTF.dll
0x00007ffb4c610000 - 0x00007ffb4c753000 	C:\WINDOWS\system32\ole32.dll
0x00007ffb287c0000 - 0x00007ffb289d0000 	C:\WINDOWS\system32\d3d9.dll
0x00007ffb1d6c0000 - 0x00007ffb1e776000 	C:\WINDOWS\SYSTEM32\nvd3dumx.dll
0x00000000678b0000 - 0x00000000678f7000 	C:\Program Files\Java\jre1.8.0_66\bin\fontmanager.dll
0x0000000067c70000 - 0x0000000067c8a000 	C:\Program Files\Java\jre1.8.0_66\bin\net.dll
0x00007ffb4a360000 - 0x00007ffb4a3bc000 	C:\WINDOWS\system32\mswsock.dll
0x0000000067c50000 - 0x0000000067c61000 	C:\Program Files\Java\jre1.8.0_66\bin\nio.dll
0x0000000067860000 - 0x00000000678a2000 	C:\Program Files\Java\jre1.8.0_66\bin\t2k.dll
0x0000000067930000 - 0x000000006795a000 	C:\Program Files\Java\jre1.8.0_66\bin\dcpr.dll
0x00007ffb46c80000 - 0x00007ffb46e0c000 	C:\WINDOWS\SYSTEM32\dbghelp.dll

VM Arguments:
jvm_args: -Dfile.encoding=Cp1252 
java_command: me3_one_element_at_a_time.Main
java_class_path (initial): C:\Users\Rasmus\git\me3_one_element_at_a_time\me3_one_element_at_a_time\bin
Launcher Type: SUN_STANDARD

Environment Variables:
PATH=C:/Program Files/Java/jre1.8.0_66/bin/server;C:/Program Files/Java/jre1.8.0_66/bin;C:/Program Files/Java/jre1.8.0_66/lib/amd64;C:\PROGRAMDATA\ORACLE\JAVA\JAVAPATH;C:\PROGRAM FILES (X86)\NVIDIA CORPORATION\PHYSX\COMMON;C:\WINDOWS\SYSTEM32;C:\WINDOWS;C:\WINDOWS\SYSTEM32\WBEM;C:\WINDOWS\SYSTEM32\WINDOWSPOWERSHELL\V1.0\;;C:\PROGRAM FILES (X86)\COMMON FILES\ULEAD SYSTEMS\MPEG;C:\PROGRAM FILES (X86)\COMMON FILES\DIVX SHARED\;C:\Program Files (x86)\QuickTime\QTSystem\;C:\WINDOWS\system32;C:\WINDOWS;C:\WINDOWS\System32\Wbem;C:\WINDOWS\System32\WindowsPowerShell\v1.0\;C:\Program Files\Java\jdk1.8.0_65\bin;C:\Users\Rasmus\Desktop;
USERNAME=Rasmus
OS=Windows_NT
PROCESSOR_IDENTIFIER=Intel64 Family 6 Model 30 Stepping 5, GenuineIntel



---------------  S Y S T E M  ---------------

OS: Windows 10.0 , 64 bit Build 10586 (10.0.10586.0)

CPU:total 8 (4 cores per cpu, 2 threads per core) family 6 model 30 stepping 5, cmov, cx8, fxsr, mmx, sse, sse2, sse3, ssse3, sse4.1, sse4.2, popcnt, ht, tsc, tscinvbit

Memory: 4k page, physical 4184968k(1156944k free), swap 8379272k(3232508k free)

vm_info: Java HotSpot(TM) 64-Bit Server VM (25.66-b18) for windows-amd64 JRE (1.8.0_66-b18), built on Nov  9 2015 10:51:13 by "java_re" with MS VC++ 10.0 (VS2010)

time: Wed Jan 06 13:19:42 2016
elapsed time: 3 seconds (0d 0h 0m 3s)

